17:51:13.359 sms [restartedMain] INFO  cc.mrbird.FebsApplication - Starting FebsApplication on LAPTOP-OI23LKGJ with PID 2064 (D:\workTools\aop_use\FEBS-Security\febs-web\target\classes started by llf5 in D:\workTools\aop_use\FEBS-Security\febs-web)
17:51:13.361 sms [restartedMain] INFO  cc.mrbird.FebsApplication - No active profile set, falling back to default profiles: default
17:51:13.466 sms [restartedMain] INFO  o.s.b.w.s.c.AnnotationConfigServletWebServerApplicationContext - Refreshing org.springframework.boot.web.servlet.context.AnnotationConfigServletWebServerApplicationContext@42f9b661: startup date [Sat Oct 05 17:51:13 GMT+08:00 2019]; root of context hierarchy
17:51:14.929 sms [restartedMain] INFO  o.s.d.r.c.RepositoryConfigurationDelegate - Multiple Spring Data modules found, entering strict repository configuration mode!
17:51:15.556 sms [restartedMain] INFO  c.u.j.c.EnableEncryptablePropertiesBeanFactoryPostProcessor - Post-processing PropertySource instances
17:51:15.648 sms [restartedMain] INFO  c.u.j.EncryptablePropertySourceConverter - Converting PropertySource configurationProperties [org.springframework.boot.context.properties.source.ConfigurationPropertySourcesPropertySource] to AOP Proxy
17:51:15.649 sms [restartedMain] INFO  c.u.j.EncryptablePropertySourceConverter - Converting PropertySource servletConfigInitParams [org.springframework.core.env.PropertySource$StubPropertySource] to EncryptablePropertySourceWrapper
17:51:15.649 sms [restartedMain] INFO  c.u.j.EncryptablePropertySourceConverter - Converting PropertySource servletContextInitParams [org.springframework.core.env.PropertySource$StubPropertySource] to EncryptablePropertySourceWrapper
17:51:15.649 sms [restartedMain] INFO  c.u.j.EncryptablePropertySourceConverter - Converting PropertySource systemProperties [org.springframework.core.env.MapPropertySource] to EncryptableMapPropertySourceWrapper
17:51:15.649 sms [restartedMain] INFO  c.u.j.EncryptablePropertySourceConverter - Converting PropertySource systemEnvironment [org.springframework.boot.env.SystemEnvironmentPropertySourceEnvironmentPostProcessor$OriginAwareSystemEnvironmentPropertySource] to EncryptableMapPropertySourceWrapper
17:51:15.649 sms [restartedMain] INFO  c.u.j.EncryptablePropertySourceConverter - Converting PropertySource random [org.springframework.boot.env.RandomValuePropertySource] to EncryptablePropertySourceWrapper
17:51:15.649 sms [restartedMain] INFO  c.u.j.EncryptablePropertySourceConverter - Converting PropertySource applicationConfig: [classpath:/application.yml] [org.springframework.boot.env.OriginTrackedMapPropertySource] to EncryptableMapPropertySourceWrapper
17:51:15.650 sms [restartedMain] INFO  c.u.j.EncryptablePropertySourceConverter - Converting PropertySource refresh [org.springframework.core.env.MapPropertySource] to EncryptableMapPropertySourceWrapper
17:51:15.674 sms [restartedMain] INFO  o.s.b.f.a.AutowiredAnnotationBeanPostProcessor - JSR-330 'javax.inject.Inject' annotation found and supported for autowiring
17:51:15.738 sms [restartedMain] INFO  o.s.c.s.PostProcessorRegistrationDelegate$BeanPostProcessorChecker - Bean 'asyncExecutorPoolConfig' of type [cc.mrbird.common.config.AsyncExecutorPoolConfig$$EnhancerBySpringCGLIB$$16b1f38d] is not eligible for getting processed by all BeanPostProcessors (for example: not eligible for auto-proxying)
17:51:15.777 sms [restartedMain] INFO  c.u.j.f.DefaultLazyPropertyFilter - Property Filter custom Bean not found with name 'encryptablePropertyFilter'. Initializing Default Property Filter
17:51:15.911 sms [restartedMain] INFO  o.s.c.s.PostProcessorRegistrationDelegate$BeanPostProcessorChecker - Bean 'org.springframework.transaction.annotation.ProxyTransactionManagementConfiguration' of type [org.springframework.transaction.annotation.ProxyTransactionManagementConfiguration$$EnhancerBySpringCGLIB$$8b786846] is not eligible for getting processed by all BeanPostProcessors (for example: not eligible for auto-proxying)
17:51:16.188 sms [restartedMain] INFO  c.u.j.r.DefaultLazyPropertyResolver - Property Resolver custom Bean not found with name 'encryptablePropertyResolver'. Initializing Default Property Resolver
17:51:16.190 sms [restartedMain] INFO  c.u.j.d.DefaultLazyPropertyDetector - Property Detector custom Bean not found with name 'encryptablePropertyDetector'. Initializing Default Property Detector
17:51:16.196 sms [restartedMain] INFO  o.s.c.s.PostProcessorRegistrationDelegate$BeanPostProcessorChecker - Bean 'redisConfig' of type [cc.mrbird.common.config.RedisConfig$$EnhancerBySpringCGLIB$$705c5e5d] is not eligible for getting processed by all BeanPostProcessors (for example: not eligible for auto-proxying)
17:51:16.276 sms [restartedMain] INFO  o.s.c.s.PostProcessorRegistrationDelegate$BeanPostProcessorChecker - Bean 'org.springframework.security.config.annotation.configuration.ObjectPostProcessorConfiguration' of type [org.springframework.security.config.annotation.configuration.ObjectPostProcessorConfiguration$$EnhancerBySpringCGLIB$$24263080] is not eligible for getting processed by all BeanPostProcessors (for example: not eligible for auto-proxying)
17:51:16.288 sms [restartedMain] INFO  o.s.c.s.PostProcessorRegistrationDelegate$BeanPostProcessorChecker - Bean 'objectPostProcessor' of type [org.springframework.security.config.annotation.configuration.AutowireBeanFactoryObjectPostProcessor] is not eligible for getting processed by all BeanPostProcessors (for example: not eligible for auto-proxying)
17:51:16.290 sms [restartedMain] INFO  o.s.c.s.PostProcessorRegistrationDelegate$BeanPostProcessorChecker - Bean 'org.springframework.security.access.expression.method.DefaultMethodSecurityExpressionHandler@1dc3dfec' of type [org.springframework.security.access.expression.method.DefaultMethodSecurityExpressionHandler] is not eligible for getting processed by all BeanPostProcessors (for example: not eligible for auto-proxying)
17:51:16.301 sms [restartedMain] INFO  o.s.c.s.PostProcessorRegistrationDelegate$BeanPostProcessorChecker - Bean 'org.springframework.security.config.annotation.method.configuration.GlobalMethodSecurityConfiguration' of type [org.springframework.security.config.annotation.method.configuration.GlobalMethodSecurityConfiguration$$EnhancerBySpringCGLIB$$48fad332] is not eligible for getting processed by all BeanPostProcessors (for example: not eligible for auto-proxying)
17:51:16.324 sms [restartedMain] INFO  o.s.c.s.PostProcessorRegistrationDelegate$BeanPostProcessorChecker - Bean 'methodSecurityMetadataSource' of type [org.springframework.security.access.method.DelegatingMethodSecurityMetadataSource] is not eligible for getting processed by all BeanPostProcessors (for example: not eligible for auto-proxying)
17:51:17.502 sms [restartedMain] INFO  o.s.b.w.e.tomcat.TomcatWebServer - Tomcat initialized with port(s): 80 (http)
17:51:17.521 sms [restartedMain] INFO  o.a.coyote.http11.Http11NioProtocol - Initializing ProtocolHandler ["http-nio-80"]
17:51:17.536 sms [restartedMain] INFO  o.a.catalina.core.StandardService - Starting service [Tomcat]
17:51:17.536 sms [restartedMain] INFO  o.a.catalina.core.StandardEngine - Starting Servlet Engine: Apache Tomcat/8.5.32
17:51:17.547 sms [localhost-startStop-1] INFO  o.a.c.core.AprLifecycleListener - The APR based Apache Tomcat Native library which allows optimal performance in production environments was not found on the java.library.path: [D:\Program Files\Java\jdk1.8.0_161\bin;C:\windows\Sun\Java\bin;C:\windows\system32;C:\windows;D:/Program Files/Java/jdk1.8.0_161/jre/bin/server;D:/Program Files/Java/jdk1.8.0_161/jre/bin;D:/Program Files/Java/jdk1.8.0_161/jre/lib/amd64;C:\windows\system32;C:\windows;C:\windows\System32\Wbem;C:\windows\System32\WindowsPowerShell\v1.0\;C:\Program Files\IDM Computer Solutions\UltraEdit;D:\Program Files\nodejs;D:\Program Files\nodejs\node_global\bin;C:\Program Files\MySQL\MySQL Shell 8.0\bin\;d:\Users\llf5\AppData\Local\Programs\Microsoft VS Code\bin;C:\Users\llf5\AppData\Local\GitHubDesktop\bin;D:\Program Files\nodejs\node_global;;D:\tools\developTools\eclipse;;.]
17:51:17.719 sms [localhost-startStop-1] INFO  o.a.c.c.C.[Tomcat].[localhost].[/] - Initializing Spring embedded WebApplicationContext
17:51:17.720 sms [localhost-startStop-1] INFO  o.s.web.context.ContextLoader - Root WebApplicationContext: initialization completed in 4254 ms
17:51:19.197 sms [localhost-startStop-1] INFO  o.s.b.w.s.FilterRegistrationBean - Mapping filter: 'characterEncodingFilter' to: [/*]
17:51:19.197 sms [localhost-startStop-1] INFO  o.s.b.w.s.FilterRegistrationBean - Mapping filter: 'sessionRepositoryFilter' to: [/*]
17:51:19.197 sms [localhost-startStop-1] INFO  o.s.b.w.s.FilterRegistrationBean - Mapping filter: 'hiddenHttpMethodFilter' to: [/*]
17:51:19.197 sms [localhost-startStop-1] INFO  o.s.b.w.s.FilterRegistrationBean - Mapping filter: 'httpPutFormContentFilter' to: [/*]
17:51:19.197 sms [localhost-startStop-1] INFO  o.s.b.w.s.FilterRegistrationBean - Mapping filter: 'requestContextFilter' to: [/*]
17:51:19.198 sms [localhost-startStop-1] INFO  o.s.b.w.s.DelegatingFilterProxyRegistrationBean - Mapping filter: 'springSecurityFilterChain' to: [/*]
17:51:19.198 sms [localhost-startStop-1] INFO  o.s.b.w.s.FilterRegistrationBean - Mapping filter: 'xssFilter' to urls: [/*]
17:51:19.198 sms [localhost-startStop-1] INFO  o.s.b.w.s.ServletRegistrationBean - Servlet dispatcherServlet mapped to [/]
17:51:19.222 sms [localhost-startStop-1] INFO  cc.mrbird.security.xss.XssFilter - ------------ xss filter init ------------
17:51:19.473 sms [restartedMain] INFO  com.zaxxer.hikari.HikariDataSource - FebsHikariCP - Starting...
17:51:20.228 sms [restartedMain] INFO  com.zaxxer.hikari.HikariDataSource - FebsHikariCP - Start completed.
17:51:20.304 sms [restartedMain] INFO  org.quartz.impl.StdSchedulerFactory - Using default implementation for ThreadExecutor
17:51:20.324 sms [restartedMain] INFO  o.quartz.core.SchedulerSignalerImpl - Initialized Scheduler Signaller of type: class org.quartz.core.SchedulerSignalerImpl
17:51:20.324 sms [restartedMain] INFO  org.quartz.core.QuartzScheduler - Quartz Scheduler v.2.3.0 created.
17:51:20.329 sms [restartedMain] INFO  o.s.s.quartz.LocalDataSourceJobStore - Using db table-based data access locking (synchronization).
17:51:20.333 sms [restartedMain] INFO  o.s.s.quartz.LocalDataSourceJobStore - JobStoreCMT initialized.
17:51:20.334 sms [restartedMain] INFO  org.quartz.core.QuartzScheduler - Scheduler meta-data: Quartz Scheduler (v2.3.0) 'MyScheduler' with instanceId 'LAPTOP-OI23LKGJ1570269080307'
  Scheduler class: 'org.quartz.core.QuartzScheduler' - running locally.
  NOT STARTED.
  Currently in standby mode.
  Number of jobs executed: 0
  Using thread pool 'org.quartz.simpl.SimpleThreadPool' - with 20 threads.
  Using job-store 'org.springframework.scheduling.quartz.LocalDataSourceJobStore' - which supports persistence. and is clustered.

17:51:20.335 sms [restartedMain] INFO  org.quartz.impl.StdSchedulerFactory - Quartz scheduler 'MyScheduler' initialized from an externally provided properties instance.
17:51:20.335 sms [restartedMain] INFO  org.quartz.impl.StdSchedulerFactory - Quartz scheduler version: 2.3.0
17:51:20.338 sms [restartedMain] INFO  org.quartz.core.QuartzScheduler - JobFactory set to: org.springframework.scheduling.quartz.AdaptableJobFactory@46b24f72
17:51:20.445 sms [restartedMain] INFO  c.m.c.i.SqlStatementInterceptor - 【SQL语句Id】>>>> cc.mrbird.quartz.dao.JobMapper.queryList
17:51:20.445 sms [restartedMain] INFO  c.m.c.i.SqlStatementInterceptor - 【SQL语句耗时】>>>> 55 ms
17:51:20.445 sms [restartedMain] INFO  c.m.c.i.SqlStatementInterceptor - 【SQL语句】>>>> select job_id jobId,bean_name beanName,method_name methodName, params,cron_expression cronExpression,status,remark,create_time createTime from t_job order by job_id
17:51:22.140 sms [restartedMain] INFO  o.s.s.quartz.SchedulerFactoryBean - Shutting down Quartz Scheduler
17:51:22.140 sms [restartedMain] INFO  org.quartz.core.QuartzScheduler - Scheduler MyScheduler_$_LAPTOP-OI23LKGJ1570269080307 shutting down.
17:51:22.140 sms [restartedMain] INFO  org.quartz.core.QuartzScheduler - Scheduler MyScheduler_$_LAPTOP-OI23LKGJ1570269080307 paused.
17:51:22.142 sms [restartedMain] INFO  org.quartz.core.QuartzScheduler - Scheduler MyScheduler_$_LAPTOP-OI23LKGJ1570269080307 shutdown complete.
17:51:22.144 sms [restartedMain] INFO  com.zaxxer.hikari.HikariDataSource - FebsHikariCP - Shutdown initiated...
17:51:22.153 sms [restartedMain] INFO  com.zaxxer.hikari.HikariDataSource - FebsHikariCP - Shutdown completed.
17:51:22.157 sms [restartedMain] INFO  o.a.catalina.core.StandardService - Stopping service [Tomcat]
17:51:22.185 sms [restartedMain] INFO  o.s.b.a.l.ConditionEvaluationReportLoggingListener - 

Error starting ApplicationContext. To display the conditions report re-run your application with 'debug' enabled.
18:01:17.594 sms [restartedMain] INFO  cc.mrbird.FebsApplication - Starting FebsApplication on LAPTOP-OI23LKGJ with PID 6288 (D:\workTools\aop_use\FEBS-Security\febs-web\target\classes started by llf5 in D:\workTools\aop_use\FEBS-Security\febs-web)
18:01:17.595 sms [restartedMain] INFO  cc.mrbird.FebsApplication - No active profile set, falling back to default profiles: default
18:01:17.716 sms [restartedMain] INFO  o.s.b.w.s.c.AnnotationConfigServletWebServerApplicationContext - Refreshing org.springframework.boot.web.servlet.context.AnnotationConfigServletWebServerApplicationContext@42f9b661: startup date [Sat Oct 05 18:01:17 GMT+08:00 2019]; root of context hierarchy
18:01:19.023 sms [restartedMain] INFO  o.s.d.r.c.RepositoryConfigurationDelegate - Multiple Spring Data modules found, entering strict repository configuration mode!
18:01:19.544 sms [restartedMain] INFO  c.u.j.c.EnableEncryptablePropertiesBeanFactoryPostProcessor - Post-processing PropertySource instances
18:01:19.627 sms [restartedMain] INFO  c.u.j.EncryptablePropertySourceConverter - Converting PropertySource configurationProperties [org.springframework.boot.context.properties.source.ConfigurationPropertySourcesPropertySource] to AOP Proxy
18:01:19.629 sms [restartedMain] INFO  c.u.j.EncryptablePropertySourceConverter - Converting PropertySource servletConfigInitParams [org.springframework.core.env.PropertySource$StubPropertySource] to EncryptablePropertySourceWrapper
18:01:19.629 sms [restartedMain] INFO  c.u.j.EncryptablePropertySourceConverter - Converting PropertySource servletContextInitParams [org.springframework.core.env.PropertySource$StubPropertySource] to EncryptablePropertySourceWrapper
18:01:19.629 sms [restartedMain] INFO  c.u.j.EncryptablePropertySourceConverter - Converting PropertySource systemProperties [org.springframework.core.env.MapPropertySource] to EncryptableMapPropertySourceWrapper
18:01:19.629 sms [restartedMain] INFO  c.u.j.EncryptablePropertySourceConverter - Converting PropertySource systemEnvironment [org.springframework.boot.env.SystemEnvironmentPropertySourceEnvironmentPostProcessor$OriginAwareSystemEnvironmentPropertySource] to EncryptableMapPropertySourceWrapper
18:01:19.629 sms [restartedMain] INFO  c.u.j.EncryptablePropertySourceConverter - Converting PropertySource random [org.springframework.boot.env.RandomValuePropertySource] to EncryptablePropertySourceWrapper
18:01:19.629 sms [restartedMain] INFO  c.u.j.EncryptablePropertySourceConverter - Converting PropertySource applicationConfig: [classpath:/application.yml] [org.springframework.boot.env.OriginTrackedMapPropertySource] to EncryptableMapPropertySourceWrapper
18:01:19.629 sms [restartedMain] INFO  c.u.j.EncryptablePropertySourceConverter - Converting PropertySource refresh [org.springframework.core.env.MapPropertySource] to EncryptableMapPropertySourceWrapper
18:01:19.656 sms [restartedMain] INFO  o.s.b.f.a.AutowiredAnnotationBeanPostProcessor - JSR-330 'javax.inject.Inject' annotation found and supported for autowiring
18:01:19.712 sms [restartedMain] INFO  o.s.c.s.PostProcessorRegistrationDelegate$BeanPostProcessorChecker - Bean 'asyncExecutorPoolConfig' of type [cc.mrbird.common.config.AsyncExecutorPoolConfig$$EnhancerBySpringCGLIB$$16b1f38d] is not eligible for getting processed by all BeanPostProcessors (for example: not eligible for auto-proxying)
18:01:19.735 sms [restartedMain] INFO  c.u.j.f.DefaultLazyPropertyFilter - Property Filter custom Bean not found with name 'encryptablePropertyFilter'. Initializing Default Property Filter
18:01:19.823 sms [restartedMain] INFO  o.s.c.s.PostProcessorRegistrationDelegate$BeanPostProcessorChecker - Bean 'org.springframework.transaction.annotation.ProxyTransactionManagementConfiguration' of type [org.springframework.transaction.annotation.ProxyTransactionManagementConfiguration$$EnhancerBySpringCGLIB$$8b786846] is not eligible for getting processed by all BeanPostProcessors (for example: not eligible for auto-proxying)
18:01:20.008 sms [restartedMain] INFO  c.u.j.r.DefaultLazyPropertyResolver - Property Resolver custom Bean not found with name 'encryptablePropertyResolver'. Initializing Default Property Resolver
18:01:20.011 sms [restartedMain] INFO  c.u.j.d.DefaultLazyPropertyDetector - Property Detector custom Bean not found with name 'encryptablePropertyDetector'. Initializing Default Property Detector
18:01:20.016 sms [restartedMain] INFO  o.s.c.s.PostProcessorRegistrationDelegate$BeanPostProcessorChecker - Bean 'redisConfig' of type [cc.mrbird.common.config.RedisConfig$$EnhancerBySpringCGLIB$$705c5e5d] is not eligible for getting processed by all BeanPostProcessors (for example: not eligible for auto-proxying)
18:01:20.069 sms [restartedMain] INFO  o.s.c.s.PostProcessorRegistrationDelegate$BeanPostProcessorChecker - Bean 'org.springframework.security.config.annotation.configuration.ObjectPostProcessorConfiguration' of type [org.springframework.security.config.annotation.configuration.ObjectPostProcessorConfiguration$$EnhancerBySpringCGLIB$$24263080] is not eligible for getting processed by all BeanPostProcessors (for example: not eligible for auto-proxying)
18:01:20.080 sms [restartedMain] INFO  o.s.c.s.PostProcessorRegistrationDelegate$BeanPostProcessorChecker - Bean 'objectPostProcessor' of type [org.springframework.security.config.annotation.configuration.AutowireBeanFactoryObjectPostProcessor] is not eligible for getting processed by all BeanPostProcessors (for example: not eligible for auto-proxying)
18:01:20.083 sms [restartedMain] INFO  o.s.c.s.PostProcessorRegistrationDelegate$BeanPostProcessorChecker - Bean 'org.springframework.security.access.expression.method.DefaultMethodSecurityExpressionHandler@40467b87' of type [org.springframework.security.access.expression.method.DefaultMethodSecurityExpressionHandler] is not eligible for getting processed by all BeanPostProcessors (for example: not eligible for auto-proxying)
18:01:20.090 sms [restartedMain] INFO  o.s.c.s.PostProcessorRegistrationDelegate$BeanPostProcessorChecker - Bean 'org.springframework.security.config.annotation.method.configuration.GlobalMethodSecurityConfiguration' of type [org.springframework.security.config.annotation.method.configuration.GlobalMethodSecurityConfiguration$$EnhancerBySpringCGLIB$$48fad332] is not eligible for getting processed by all BeanPostProcessors (for example: not eligible for auto-proxying)
18:01:20.105 sms [restartedMain] INFO  o.s.c.s.PostProcessorRegistrationDelegate$BeanPostProcessorChecker - Bean 'methodSecurityMetadataSource' of type [org.springframework.security.access.method.DelegatingMethodSecurityMetadataSource] is not eligible for getting processed by all BeanPostProcessors (for example: not eligible for auto-proxying)
18:01:21.110 sms [restartedMain] INFO  o.s.b.w.e.tomcat.TomcatWebServer - Tomcat initialized with port(s): 80 (http)
18:01:21.130 sms [restartedMain] INFO  o.a.coyote.http11.Http11NioProtocol - Initializing ProtocolHandler ["http-nio-80"]
18:01:21.145 sms [restartedMain] INFO  o.a.catalina.core.StandardService - Starting service [Tomcat]
18:01:21.145 sms [restartedMain] INFO  o.a.catalina.core.StandardEngine - Starting Servlet Engine: Apache Tomcat/8.5.32
18:01:21.156 sms [localhost-startStop-1] INFO  o.a.c.core.AprLifecycleListener - The APR based Apache Tomcat Native library which allows optimal performance in production environments was not found on the java.library.path: [D:\Program Files\Java\jdk1.8.0_161\bin;C:\windows\Sun\Java\bin;C:\windows\system32;C:\windows;D:/Program Files/Java/jdk1.8.0_161/jre/bin/server;D:/Program Files/Java/jdk1.8.0_161/jre/bin;D:/Program Files/Java/jdk1.8.0_161/jre/lib/amd64;C:\windows\system32;C:\windows;C:\windows\System32\Wbem;C:\windows\System32\WindowsPowerShell\v1.0\;C:\Program Files\IDM Computer Solutions\UltraEdit;D:\Program Files\nodejs;D:\Program Files\nodejs\node_global\bin;C:\Program Files\MySQL\MySQL Shell 8.0\bin\;d:\Users\llf5\AppData\Local\Programs\Microsoft VS Code\bin;C:\Users\llf5\AppData\Local\GitHubDesktop\bin;D:\Program Files\nodejs\node_global;;D:\tools\developTools\eclipse;;.]
18:01:21.291 sms [localhost-startStop-1] INFO  o.a.c.c.C.[Tomcat].[localhost].[/] - Initializing Spring embedded WebApplicationContext
18:01:21.291 sms [localhost-startStop-1] INFO  o.s.web.context.ContextLoader - Root WebApplicationContext: initialization completed in 3576 ms
18:01:22.689 sms [localhost-startStop-1] INFO  o.s.b.w.s.FilterRegistrationBean - Mapping filter: 'characterEncodingFilter' to: [/*]
18:01:22.689 sms [localhost-startStop-1] INFO  o.s.b.w.s.FilterRegistrationBean - Mapping filter: 'sessionRepositoryFilter' to: [/*]
18:01:22.690 sms [localhost-startStop-1] INFO  o.s.b.w.s.FilterRegistrationBean - Mapping filter: 'hiddenHttpMethodFilter' to: [/*]
18:01:22.690 sms [localhost-startStop-1] INFO  o.s.b.w.s.FilterRegistrationBean - Mapping filter: 'httpPutFormContentFilter' to: [/*]
18:01:22.690 sms [localhost-startStop-1] INFO  o.s.b.w.s.FilterRegistrationBean - Mapping filter: 'requestContextFilter' to: [/*]
18:01:22.690 sms [localhost-startStop-1] INFO  o.s.b.w.s.DelegatingFilterProxyRegistrationBean - Mapping filter: 'springSecurityFilterChain' to: [/*]
18:01:22.691 sms [localhost-startStop-1] INFO  o.s.b.w.s.FilterRegistrationBean - Mapping filter: 'xssFilter' to urls: [/*]
18:01:22.691 sms [localhost-startStop-1] INFO  o.s.b.w.s.ServletRegistrationBean - Servlet dispatcherServlet mapped to [/]
18:01:22.720 sms [localhost-startStop-1] INFO  cc.mrbird.security.xss.XssFilter - ------------ xss filter init ------------
18:01:22.936 sms [restartedMain] INFO  com.zaxxer.hikari.HikariDataSource - FebsHikariCP - Starting...
18:01:23.727 sms [restartedMain] INFO  com.zaxxer.hikari.HikariDataSource - FebsHikariCP - Start completed.
18:01:23.792 sms [restartedMain] INFO  org.quartz.impl.StdSchedulerFactory - Using default implementation for ThreadExecutor
18:01:23.810 sms [restartedMain] INFO  o.quartz.core.SchedulerSignalerImpl - Initialized Scheduler Signaller of type: class org.quartz.core.SchedulerSignalerImpl
18:01:23.810 sms [restartedMain] INFO  org.quartz.core.QuartzScheduler - Quartz Scheduler v.2.3.0 created.
18:01:23.815 sms [restartedMain] INFO  o.s.s.quartz.LocalDataSourceJobStore - Using db table-based data access locking (synchronization).
18:01:23.818 sms [restartedMain] INFO  o.s.s.quartz.LocalDataSourceJobStore - JobStoreCMT initialized.
18:01:23.820 sms [restartedMain] INFO  org.quartz.core.QuartzScheduler - Scheduler meta-data: Quartz Scheduler (v2.3.0) 'MyScheduler' with instanceId 'LAPTOP-OI23LKGJ1570269683795'
  Scheduler class: 'org.quartz.core.QuartzScheduler' - running locally.
  NOT STARTED.
  Currently in standby mode.
  Number of jobs executed: 0
  Using thread pool 'org.quartz.simpl.SimpleThreadPool' - with 20 threads.
  Using job-store 'org.springframework.scheduling.quartz.LocalDataSourceJobStore' - which supports persistence. and is clustered.

18:01:23.820 sms [restartedMain] INFO  org.quartz.impl.StdSchedulerFactory - Quartz scheduler 'MyScheduler' initialized from an externally provided properties instance.
18:01:23.820 sms [restartedMain] INFO  org.quartz.impl.StdSchedulerFactory - Quartz scheduler version: 2.3.0
18:01:23.823 sms [restartedMain] INFO  org.quartz.core.QuartzScheduler - JobFactory set to: org.springframework.scheduling.quartz.AdaptableJobFactory@46b24f72
18:01:23.898 sms [restartedMain] INFO  c.m.c.i.SqlStatementInterceptor - 【SQL语句Id】>>>> cc.mrbird.quartz.dao.JobMapper.queryList
18:01:23.898 sms [restartedMain] INFO  c.m.c.i.SqlStatementInterceptor - 【SQL语句耗时】>>>> 37 ms
18:01:23.899 sms [restartedMain] INFO  c.m.c.i.SqlStatementInterceptor - 【SQL语句】>>>> select job_id jobId,bean_name beanName,method_name methodName, params,cron_expression cronExpression,status,remark,create_time createTime from t_job order by job_id
18:01:24.522 sms [restartedMain] INFO  cc.mrbird.web.service.InitService - clean up spring session in redis
18:01:24.715 sms [restartedMain] INFO  o.s.s.c.ThreadPoolTaskExecutor - Initializing ExecutorService  'taskExecutor'
18:01:24.872 sms [restartedMain] INFO  o.s.w.s.h.SimpleUrlHandlerMapping - Mapped URL path [/**/favicon.ico] onto handler of type [class org.springframework.web.servlet.resource.ResourceHttpRequestHandler]
18:01:25.145 sms [restartedMain] INFO  o.s.w.s.m.m.a.RequestMappingHandlerAdapter - Looking for @ControllerAdvice: org.springframework.boot.web.servlet.context.AnnotationConfigServletWebServerApplicationContext@42f9b661: startup date [Sat Oct 05 18:01:17 GMT+08:00 2019]; root of context hierarchy
18:01:25.431 sms [restartedMain] INFO  o.s.w.s.m.m.a.RequestMappingHandlerMapping - Mapped "{[/file/download]}" onto public void cc.mrbird.web.controller.base.FileController.fileDownload(java.lang.String,java.lang.Boolean,javax.servlet.http.HttpServletResponse) throws java.io.IOException,cc.mrbird.common.exception.FileDownloadException
18:01:25.435 sms [restartedMain] INFO  o.s.w.s.m.m.a.RequestMappingHandlerMapping - Mapped "{[/redis/get]}" onto public cc.mrbird.common.domain.ResponseBo cc.mrbird.web.controller.base.RedisController.get(java.lang.String)
18:01:25.435 sms [restartedMain] INFO  o.s.w.s.m.m.a.RequestMappingHandlerMapping - Mapped "{[/redis/keys]}" onto public cc.mrbird.common.domain.ResponseBo cc.mrbird.web.controller.base.RedisController.keys(java.lang.String)
18:01:25.435 sms [restartedMain] INFO  o.s.w.s.m.m.a.RequestMappingHandlerMapping - Mapped "{[/redis/set]}" onto public cc.mrbird.common.domain.ResponseBo cc.mrbird.web.controller.base.RedisController.set(java.lang.String)
18:01:25.436 sms [restartedMain] INFO  o.s.w.s.m.m.a.RequestMappingHandlerMapping - Mapped "{[/redis/exists]}" onto public cc.mrbird.common.domain.ResponseBo cc.mrbird.web.controller.base.RedisController.exists(java.lang.String)
18:01:25.436 sms [restartedMain] INFO  o.s.w.s.m.m.a.RequestMappingHandlerMapping - Mapped "{[/redis/pttl]}" onto public cc.mrbird.common.domain.ResponseBo cc.mrbird.web.controller.base.RedisController.pttl(java.lang.String)
18:01:25.436 sms [restartedMain] INFO  o.s.w.s.m.m.a.RequestMappingHandlerMapping - Mapped "{[/redis/keysSize]}" onto public java.lang.String cc.mrbird.web.controller.base.RedisController.getKeysSize()
18:01:25.436 sms [restartedMain] INFO  o.s.w.s.m.m.a.RequestMappingHandlerMapping - Mapped "{[/redis/info]}" onto public java.lang.String cc.mrbird.web.controller.base.RedisController.getRedisInfo(org.springframework.ui.Model)
18:01:25.437 sms [restartedMain] INFO  o.s.w.s.m.m.a.RequestMappingHandlerMapping - Mapped "{[/redis/terminal]}" onto public java.lang.String cc.mrbird.web.controller.base.RedisController.redisTerminal(org.springframework.ui.Model)
18:01:25.437 sms [restartedMain] INFO  o.s.w.s.m.m.a.RequestMappingHandlerMapping - Mapped "{[/redis/memoryInfo]}" onto public java.lang.String cc.mrbird.web.controller.base.RedisController.getMemoryInfo()
18:01:25.437 sms [restartedMain] INFO  o.s.w.s.m.m.a.RequestMappingHandlerMapping - Mapped "{[/redis/pexpire]}" onto public cc.mrbird.common.domain.ResponseBo cc.mrbird.web.controller.base.RedisController.pexpire(java.lang.String)
18:01:25.437 sms [restartedMain] INFO  o.s.w.s.m.m.a.RequestMappingHandlerMapping - Mapped "{[/redis/del]}" onto public cc.mrbird.common.domain.ResponseBo cc.mrbird.web.controller.base.RedisController.del(java.lang.String)
18:01:25.438 sms [restartedMain] INFO  o.s.w.s.m.m.a.RequestMappingHandlerMapping - Mapped "{[/article]}" onto public java.lang.String cc.mrbird.web.controller.others.ArticleController.index()
18:01:25.438 sms [restartedMain] INFO  o.s.w.s.m.m.a.RequestMappingHandlerMapping - Mapped "{[/article/query]}" onto public cc.mrbird.common.domain.ResponseBo cc.mrbird.web.controller.others.ArticleController.queryArticle(java.lang.String)
18:01:25.440 sms [restartedMain] INFO  o.s.w.s.m.m.a.RequestMappingHandlerMapping - Mapped "{[/movie/coming]}" onto public java.lang.String cc.mrbird.web.controller.others.MovieController.movieComing()
18:01:25.441 sms [restartedMain] INFO  o.s.w.s.m.m.a.RequestMappingHandlerMapping - Mapped "{[/movie/detail]}" onto public cc.mrbird.common.domain.ResponseBo cc.mrbird.web.controller.others.MovieController.getDetail(java.lang.String)
18:01:25.441 sms [restartedMain] INFO  o.s.w.s.m.m.a.RequestMappingHandlerMapping - Mapped "{[/movie/comments]}" onto public cc.mrbird.common.domain.ResponseBo cc.mrbird.web.controller.others.MovieController.getComments(java.lang.String)
18:01:25.441 sms [restartedMain] INFO  o.s.w.s.m.m.a.RequestMappingHandlerMapping - Mapped "{[/movie/hot]}" onto public java.lang.String cc.mrbird.web.controller.others.MovieController.movieHot()
18:01:25.441 sms [restartedMain] INFO  o.s.w.s.m.m.a.RequestMappingHandlerMapping - Mapped "{[/movie/getMovieHot]}" onto public cc.mrbird.common.domain.ResponseBo cc.mrbird.web.controller.others.MovieController.getMoiveHot()
18:01:25.441 sms [restartedMain] INFO  o.s.w.s.m.m.a.RequestMappingHandlerMapping - Mapped "{[/movie/getMovieComing]}" onto public cc.mrbird.common.domain.ResponseBo cc.mrbird.web.controller.others.MovieController.getMovieComing()
18:01:25.442 sms [restartedMain] INFO  o.s.w.s.m.m.a.RequestMappingHandlerMapping - Mapped "{[/weather]}" onto public java.lang.String cc.mrbird.web.controller.others.WeatherController.weather()
18:01:25.442 sms [restartedMain] INFO  o.s.w.s.m.m.a.RequestMappingHandlerMapping - Mapped "{[/weather/query]}" onto public cc.mrbird.common.domain.ResponseBo cc.mrbird.web.controller.others.WeatherController.queryWeather(java.lang.String)
18:01:25.443 sms [restartedMain] INFO  o.s.w.s.m.m.a.RequestMappingHandlerMapping - Mapped "{[/job]}" onto public java.lang.String cc.mrbird.web.controller.quartz.JobController.index()
18:01:25.443 sms [restartedMain] INFO  o.s.w.s.m.m.a.RequestMappingHandlerMapping - Mapped "{[/job/delete]}" onto public cc.mrbird.common.domain.ResponseBo cc.mrbird.web.controller.quartz.JobController.deleteJob(java.lang.String)
18:01:25.443 sms [restartedMain] INFO  o.s.w.s.m.m.a.RequestMappingHandlerMapping - Mapped "{[/job/resume]}" onto public cc.mrbird.common.domain.ResponseBo cc.mrbird.web.controller.quartz.JobController.resumeJob(java.lang.String)
18:01:25.444 sms [restartedMain] INFO  o.s.w.s.m.m.a.RequestMappingHandlerMapping - Mapped "{[/job/add]}" onto public cc.mrbird.common.domain.ResponseBo cc.mrbird.web.controller.quartz.JobController.addJob(cc.mrbird.quartz.domain.Job)
18:01:25.444 sms [restartedMain] INFO  o.s.w.s.m.m.a.RequestMappingHandlerMapping - Mapped "{[/job/pause]}" onto public cc.mrbird.common.domain.ResponseBo cc.mrbird.web.controller.quartz.JobController.pauseJob(java.lang.String)
18:01:25.444 sms [restartedMain] INFO  o.s.w.s.m.m.a.RequestMappingHandlerMapping - Mapped "{[/job/csv]}" onto public cc.mrbird.common.domain.ResponseBo cc.mrbird.web.controller.quartz.JobController.jobCsv(cc.mrbird.quartz.domain.Job)
18:01:25.444 sms [restartedMain] INFO  o.s.w.s.m.m.a.RequestMappingHandlerMapping - Mapped "{[/job/update]}" onto public cc.mrbird.common.domain.ResponseBo cc.mrbird.web.controller.quartz.JobController.updateJob(cc.mrbird.quartz.domain.Job)
18:01:25.445 sms [restartedMain] INFO  o.s.w.s.m.m.a.RequestMappingHandlerMapping - Mapped "{[/job/excel]}" onto public cc.mrbird.common.domain.ResponseBo cc.mrbird.web.controller.quartz.JobController.jobExcel(cc.mrbird.quartz.domain.Job)
18:01:25.445 sms [restartedMain] INFO  o.s.w.s.m.m.a.RequestMappingHandlerMapping - Mapped "{[/job/checkCron]}" onto public boolean cc.mrbird.web.controller.quartz.JobController.checkCron(java.lang.String)
18:01:25.445 sms [restartedMain] INFO  o.s.w.s.m.m.a.RequestMappingHandlerMapping - Mapped "{[/job/getJob]}" onto public cc.mrbird.common.domain.ResponseBo cc.mrbird.web.controller.quartz.JobController.getJob(java.lang.Long)
18:01:25.445 sms [restartedMain] INFO  o.s.w.s.m.m.a.RequestMappingHandlerMapping - Mapped "{[/job/run]}" onto public cc.mrbird.common.domain.ResponseBo cc.mrbird.web.controller.quartz.JobController.runJob(java.lang.String)
18:01:25.445 sms [restartedMain] INFO  o.s.w.s.m.m.a.RequestMappingHandlerMapping - Mapped "{[/job/getSysCronClazz]}" onto public cc.mrbird.common.domain.ResponseBo cc.mrbird.web.controller.quartz.JobController.getSysCronClazz(cc.mrbird.quartz.domain.Job)
18:01:25.446 sms [restartedMain] INFO  o.s.w.s.m.m.a.RequestMappingHandlerMapping - Mapped "{[/job/list]}" onto public java.util.Map<java.lang.String, java.lang.Object> cc.mrbird.web.controller.quartz.JobController.jobList(cc.mrbird.common.domain.QueryRequest,cc.mrbird.quartz.domain.Job)
18:01:25.446 sms [restartedMain] INFO  o.s.w.s.m.m.a.RequestMappingHandlerMapping - Mapped "{[/jobLog]}" onto public java.lang.String cc.mrbird.web.controller.quartz.JobLogController.index()
18:01:25.446 sms [restartedMain] INFO  o.s.w.s.m.m.a.RequestMappingHandlerMapping - Mapped "{[/jobLog/excel]}" onto public cc.mrbird.common.domain.ResponseBo cc.mrbird.web.controller.quartz.JobLogController.jobLogExcel(cc.mrbird.quartz.domain.JobLog)
18:01:25.446 sms [restartedMain] INFO  o.s.w.s.m.m.a.RequestMappingHandlerMapping - Mapped "{[/jobLog/list]}" onto public java.util.Map<java.lang.String, java.lang.Object> cc.mrbird.web.controller.quartz.JobLogController.jobLogList(cc.mrbird.common.domain.QueryRequest,cc.mrbird.quartz.domain.JobLog)
18:01:25.447 sms [restartedMain] INFO  o.s.w.s.m.m.a.RequestMappingHandlerMapping - Mapped "{[/jobLog/delete]}" onto public cc.mrbird.common.domain.ResponseBo cc.mrbird.web.controller.quartz.JobLogController.deleteJobLog(java.lang.String)
18:01:25.447 sms [restartedMain] INFO  o.s.w.s.m.m.a.RequestMappingHandlerMapping - Mapped "{[/jobLog/csv]}" onto public cc.mrbird.common.domain.ResponseBo cc.mrbird.web.controller.quartz.JobLogController.jobLogCsv(cc.mrbird.quartz.domain.JobLog)
18:01:25.447 sms [restartedMain] INFO  o.s.w.s.m.m.a.RequestMappingHandlerMapping - Mapped "{[/access/deny/403]}" onto public java.lang.String cc.mrbird.web.controller.security.ExceptionController.accessDeny()
18:01:25.449 sms [restartedMain] INFO  o.s.w.s.m.m.a.RequestMappingHandlerMapping - Mapped "{[/mobile/bind],methods=[GET]}" onto public cc.mrbird.common.domain.ResponseBo cc.mrbird.web.controller.security.MobileController.mobileBind(java.lang.String)
18:01:25.450 sms [restartedMain] INFO  o.s.w.s.m.m.a.RequestMappingHandlerMapping - Mapped "{[/mobile/unbind],methods=[GET]}" onto public cc.mrbird.common.domain.ResponseBo cc.mrbird.web.controller.security.MobileController.mobileUnbind(java.lang.String)
18:01:25.450 sms [restartedMain] INFO  o.s.w.s.m.m.a.RequestMappingHandlerMapping - Mapped "{[/session/invalid]}" onto public void cc.mrbird.web.controller.security.SessionController.sessionInvalid(javax.servlet.http.HttpServletRequest,javax.servlet.http.HttpServletResponse,org.springframework.security.core.Authentication) throws java.io.IOException
18:01:25.451 sms [restartedMain] INFO  o.s.w.s.m.m.a.RequestMappingHandlerMapping - Mapped "{[/session]}" onto public java.lang.String cc.mrbird.web.controller.security.SessionController.online()
18:01:25.451 sms [restartedMain] INFO  o.s.w.s.m.m.a.RequestMappingHandlerMapping - Mapped "{[/session/kickout]}" onto public cc.mrbird.common.domain.ResponseBo cc.mrbird.web.controller.security.SessionController.kickOut(java.lang.String,javax.servlet.http.HttpServletRequest,javax.servlet.http.HttpServletResponse)
18:01:25.451 sms [restartedMain] INFO  o.s.w.s.m.m.a.RequestMappingHandlerMapping - Mapped "{[/session/active],methods=[GET]}" onto public java.util.Map<java.lang.String, java.lang.Object> cc.mrbird.web.controller.security.SessionController.getAllSession(javax.servlet.http.HttpServletRequest)
18:01:25.452 sms [restartedMain] INFO  o.s.w.s.m.m.a.RequestMappingHandlerMapping - Mapped "{[/social/bind],methods=[GET]}" onto public cc.mrbird.common.domain.ResponseBo cc.mrbird.web.controller.security.SocialController.socialBind(javax.servlet.http.HttpServletRequest,cc.mrbird.system.domain.MyUser,java.lang.String)
18:01:25.452 sms [restartedMain] INFO  o.s.w.s.m.m.a.RequestMappingHandlerMapping - Mapped "{[/social],methods=[GET]}" onto public java.lang.String cc.mrbird.web.controller.security.SocialController.socialIndex(javax.servlet.http.HttpServletRequest,javax.servlet.http.HttpServletResponse,org.springframework.ui.Model) throws java.io.IOException
18:01:25.452 sms [restartedMain] INFO  o.s.w.s.m.m.a.RequestMappingHandlerMapping - Mapped "{[/social/regist],methods=[GET]}" onto public cc.mrbird.common.domain.ResponseBo cc.mrbird.web.controller.security.SocialController.socialRegist(javax.servlet.http.HttpServletRequest,cc.mrbird.system.domain.MyUser)
18:01:25.453 sms [restartedMain] INFO  o.s.w.s.m.m.a.RequestMappingHandlerMapping - Mapped "{[/social/bind/success],methods=[GET]}" onto public java.lang.String cc.mrbird.web.controller.security.SocialController.socialBindSuccess(javax.servlet.http.HttpServletRequest,javax.servlet.http.HttpServletResponse)
18:01:25.453 sms [restartedMain] INFO  o.s.w.s.m.m.a.RequestMappingHandlerMapping - Mapped "{[/social/unbind/success],methods=[GET]}" onto public java.lang.String cc.mrbird.web.controller.security.SocialController.socialUnbindSuccess()
18:01:25.453 sms [restartedMain] INFO  o.s.w.s.m.m.a.RequestMappingHandlerMapping - Mapped "{[/image/code],methods=[GET]}" onto public void cc.mrbird.web.controller.security.ValidateCodeController.createCode(javax.servlet.http.HttpServletRequest,javax.servlet.http.HttpServletResponse) throws java.io.IOException
18:01:25.454 sms [restartedMain] INFO  o.s.w.s.m.m.a.RequestMappingHandlerMapping - Mapped "{[/sms/code],methods=[GET]}" onto public cc.mrbird.common.domain.ResponseBo cc.mrbird.web.controller.security.ValidateCodeController.createSmsCode(javax.servlet.http.HttpServletRequest,javax.servlet.http.HttpServletResponse,java.lang.String)
18:01:25.454 sms [restartedMain] INFO  o.s.w.s.m.m.a.RequestMappingHandlerMapping - Mapped "{[/dept]}" onto public java.lang.String cc.mrbird.web.controller.system.DeptController.index()
18:01:25.455 sms [restartedMain] INFO  o.s.w.s.m.m.a.RequestMappingHandlerMapping - Mapped "{[/dept/add]}" onto public cc.mrbird.common.domain.ResponseBo cc.mrbird.web.controller.system.DeptController.addRole(cc.mrbird.system.domain.Dept)
18:01:25.455 sms [restartedMain] INFO  o.s.w.s.m.m.a.RequestMappingHandlerMapping - Mapped "{[/dept/tree]}" onto public cc.mrbird.common.domain.ResponseBo cc.mrbird.web.controller.system.DeptController.getDeptTree()
18:01:25.455 sms [restartedMain] INFO  o.s.w.s.m.m.a.RequestMappingHandlerMapping - Mapped "{[/dept/delete]}" onto public cc.mrbird.common.domain.ResponseBo cc.mrbird.web.controller.system.DeptController.deleteDepts(java.lang.String)
18:01:25.455 sms [restartedMain] INFO  o.s.w.s.m.m.a.RequestMappingHandlerMapping - Mapped "{[/dept/getDept]}" onto public cc.mrbird.common.domain.ResponseBo cc.mrbird.web.controller.system.DeptController.getDept(java.lang.Long)
18:01:25.455 sms [restartedMain] INFO  o.s.w.s.m.m.a.RequestMappingHandlerMapping - Mapped "{[/dept/excel]}" onto public cc.mrbird.common.domain.ResponseBo cc.mrbird.web.controller.system.DeptController.deptExcel(cc.mrbird.system.domain.Dept)
18:01:25.456 sms [restartedMain] INFO  o.s.w.s.m.m.a.RequestMappingHandlerMapping - Mapped "{[/dept/checkDeptName]}" onto public boolean cc.mrbird.web.controller.system.DeptController.checkDeptName(java.lang.String,java.lang.String)
18:01:25.456 sms [restartedMain] INFO  o.s.w.s.m.m.a.RequestMappingHandlerMapping - Mapped "{[/dept/list]}" onto public java.util.List<cc.mrbird.system.domain.Dept> cc.mrbird.web.controller.system.DeptController.deptList(cc.mrbird.system.domain.Dept)
18:01:25.456 sms [restartedMain] INFO  o.s.w.s.m.m.a.RequestMappingHandlerMapping - Mapped "{[/dept/update]}" onto public cc.mrbird.common.domain.ResponseBo cc.mrbird.web.controller.system.DeptController.updateRole(cc.mrbird.system.domain.Dept)
18:01:25.456 sms [restartedMain] INFO  o.s.w.s.m.m.a.RequestMappingHandlerMapping - Mapped "{[/dept/csv]}" onto public cc.mrbird.common.domain.ResponseBo cc.mrbird.web.controller.system.DeptController.deptCsv(cc.mrbird.system.domain.Dept)
18:01:25.457 sms [restartedMain] INFO  o.s.w.s.m.m.a.RequestMappingHandlerMapping - Mapped "{[/dict]}" onto public java.lang.String cc.mrbird.web.controller.system.DictController.index()
18:01:25.457 sms [restartedMain] INFO  o.s.w.s.m.m.a.RequestMappingHandlerMapping - Mapped "{[/dict/update]}" onto public cc.mrbird.common.domain.ResponseBo cc.mrbird.web.controller.system.DictController.updateDict(cc.mrbird.system.domain.Dict)
18:01:25.458 sms [restartedMain] INFO  o.s.w.s.m.m.a.RequestMappingHandlerMapping - Mapped "{[/dict/list]}" onto public java.util.Map<java.lang.String, java.lang.Object> cc.mrbird.web.controller.system.DictController.dictList(cc.mrbird.common.domain.QueryRequest,cc.mrbird.system.domain.Dict)
18:01:25.458 sms [restartedMain] INFO  o.s.w.s.m.m.a.RequestMappingHandlerMapping - Mapped "{[/dict/delete]}" onto public cc.mrbird.common.domain.ResponseBo cc.mrbird.web.controller.system.DictController.deleteDicts(java.lang.String)
18:01:25.458 sms [restartedMain] INFO  o.s.w.s.m.m.a.RequestMappingHandlerMapping - Mapped "{[/dict/getDict]}" onto public cc.mrbird.common.domain.ResponseBo cc.mrbird.web.controller.system.DictController.getDict(java.lang.Long)
18:01:25.458 sms [restartedMain] INFO  o.s.w.s.m.m.a.RequestMappingHandlerMapping - Mapped "{[/dict/add]}" onto public cc.mrbird.common.domain.ResponseBo cc.mrbird.web.controller.system.DictController.addDict(cc.mrbird.system.domain.Dict)
18:01:25.458 sms [restartedMain] INFO  o.s.w.s.m.m.a.RequestMappingHandlerMapping - Mapped "{[/dict/excel]}" onto public cc.mrbird.common.domain.ResponseBo cc.mrbird.web.controller.system.DictController.dictExcel(cc.mrbird.system.domain.Dict)
18:01:25.459 sms [restartedMain] INFO  o.s.w.s.m.m.a.RequestMappingHandlerMapping - Mapped "{[/dict/csv]}" onto public cc.mrbird.common.domain.ResponseBo cc.mrbird.web.controller.system.DictController.dictCsv(cc.mrbird.system.domain.Dict)
18:01:25.459 sms [restartedMain] INFO  o.s.w.s.m.m.a.RequestMappingHandlerMapping - Mapped "{[/log]}" onto public java.lang.String cc.mrbird.web.controller.system.LogController.index()
18:01:25.459 sms [restartedMain] INFO  o.s.w.s.m.m.a.RequestMappingHandlerMapping - Mapped "{[/log/excel]}" onto public cc.mrbird.common.domain.ResponseBo cc.mrbird.web.controller.system.LogController.logExcel(cc.mrbird.system.domain.SysLog)
18:01:25.460 sms [restartedMain] INFO  o.s.w.s.m.m.a.RequestMappingHandlerMapping - Mapped "{[/log/list]}" onto public java.util.Map<java.lang.String, java.lang.Object> cc.mrbird.web.controller.system.LogController.logList(cc.mrbird.common.domain.QueryRequest,cc.mrbird.system.domain.SysLog)
18:01:25.460 sms [restartedMain] INFO  o.s.w.s.m.m.a.RequestMappingHandlerMapping - Mapped "{[/log/delete]}" onto public cc.mrbird.common.domain.ResponseBo cc.mrbird.web.controller.system.LogController.deleteLogss(java.lang.String)
18:01:25.460 sms [restartedMain] INFO  o.s.w.s.m.m.a.RequestMappingHandlerMapping - Mapped "{[/log/csv]}" onto public cc.mrbird.common.domain.ResponseBo cc.mrbird.web.controller.system.LogController.logCsv(cc.mrbird.system.domain.SysLog)
18:01:25.461 sms [restartedMain] INFO  o.s.w.s.m.m.a.RequestMappingHandlerMapping - Mapped "{[/index],methods=[GET]}" onto public java.lang.String cc.mrbird.web.controller.system.LoginController.index(org.springframework.security.core.Authentication,org.springframework.ui.Model)
18:01:25.461 sms [restartedMain] INFO  o.s.w.s.m.m.a.RequestMappingHandlerMapping - Mapped "{[/],methods=[GET]}" onto public void cc.mrbird.web.controller.system.LoginController.success(javax.servlet.http.HttpServletRequest,javax.servlet.http.HttpServletResponse) throws java.io.IOException
18:01:25.461 sms [restartedMain] INFO  o.s.w.s.m.m.a.RequestMappingHandlerMapping - Mapped "{[/login],methods=[GET]}" onto public java.lang.String cc.mrbird.web.controller.system.LoginController.login(javax.servlet.http.HttpServletRequest,javax.servlet.http.HttpServletResponse)
18:01:25.462 sms [restartedMain] INFO  o.s.w.s.m.m.a.RequestMappingHandlerMapping - Mapped "{[/menu]}" onto public java.lang.String cc.mrbird.web.controller.system.MenuController.index()
18:01:25.462 sms [restartedMain] INFO  o.s.w.s.m.m.a.RequestMappingHandlerMapping - Mapped "{[/menu/add]}" onto public cc.mrbird.common.domain.ResponseBo cc.mrbird.web.controller.system.MenuController.addMenu(cc.mrbird.system.domain.Menu)
18:01:25.462 sms [restartedMain] INFO  o.s.w.s.m.m.a.RequestMappingHandlerMapping - Mapped "{[/menu/update]}" onto public cc.mrbird.common.domain.ResponseBo cc.mrbird.web.controller.system.MenuController.updateMenu(cc.mrbird.system.domain.Menu)
18:01:25.462 sms [restartedMain] INFO  o.s.w.s.m.m.a.RequestMappingHandlerMapping - Mapped "{[/menu/tree]}" onto public cc.mrbird.common.domain.ResponseBo cc.mrbird.web.controller.system.MenuController.getMenuTree()
18:01:25.463 sms [restartedMain] INFO  o.s.w.s.m.m.a.RequestMappingHandlerMapping - Mapped "{[/menu/list]}" onto public java.util.List<cc.mrbird.system.domain.Menu> cc.mrbird.web.controller.system.MenuController.menuList(cc.mrbird.system.domain.Menu)
18:01:25.463 sms [restartedMain] INFO  o.s.w.s.m.m.a.RequestMappingHandlerMapping - Mapped "{[/menu/checkMenuName]}" onto public boolean cc.mrbird.web.controller.system.MenuController.checkMenuName(java.lang.String,java.lang.String,java.lang.String)
18:01:25.463 sms [restartedMain] INFO  o.s.w.s.m.m.a.RequestMappingHandlerMapping - Mapped "{[/menu/urlList],methods=[GET]}" onto public java.util.List<java.util.Map<java.lang.String, java.lang.String>> cc.mrbird.web.controller.system.MenuController.getAllUrl()
18:01:25.463 sms [restartedMain] INFO  o.s.w.s.m.m.a.RequestMappingHandlerMapping - Mapped "{[/menu/delete]}" onto public cc.mrbird.common.domain.ResponseBo cc.mrbird.web.controller.system.MenuController.deleteMenus(java.lang.String)
18:01:25.463 sms [restartedMain] INFO  o.s.w.s.m.m.a.RequestMappingHandlerMapping - Mapped "{[/menu/getMenu]}" onto public cc.mrbird.common.domain.ResponseBo cc.mrbird.web.controller.system.MenuController.getMenu(java.lang.Long)
18:01:25.463 sms [restartedMain] INFO  o.s.w.s.m.m.a.RequestMappingHandlerMapping - Mapped "{[/menu/menu]}" onto public cc.mrbird.common.domain.ResponseBo cc.mrbird.web.controller.system.MenuController.getMenu(java.lang.String)
18:01:25.464 sms [restartedMain] INFO  o.s.w.s.m.m.a.RequestMappingHandlerMapping - Mapped "{[/menu/getUserMenu]}" onto public cc.mrbird.common.domain.ResponseBo cc.mrbird.web.controller.system.MenuController.getUserMenu(java.lang.String)
18:01:25.464 sms [restartedMain] INFO  o.s.w.s.m.m.a.RequestMappingHandlerMapping - Mapped "{[/menu/excel]}" onto public cc.mrbird.common.domain.ResponseBo cc.mrbird.web.controller.system.MenuController.menuExcel(cc.mrbird.system.domain.Menu)
18:01:25.464 sms [restartedMain] INFO  o.s.w.s.m.m.a.RequestMappingHandlerMapping - Mapped "{[/menu/csv]}" onto public cc.mrbird.common.domain.ResponseBo cc.mrbird.web.controller.system.MenuController.menuCsv(cc.mrbird.system.domain.Menu)
18:01:25.464 sms [restartedMain] INFO  o.s.w.s.m.m.a.RequestMappingHandlerMapping - Mapped "{[/menu/menuButtonTree]}" onto public cc.mrbird.common.domain.ResponseBo cc.mrbird.web.controller.system.MenuController.getMenuButtonTree()
18:01:25.465 sms [restartedMain] INFO  o.s.w.s.m.m.a.RequestMappingHandlerMapping - Mapped "{[/role]}" onto public java.lang.String cc.mrbird.web.controller.system.RoleController.index()
18:01:25.465 sms [restartedMain] INFO  o.s.w.s.m.m.a.RequestMappingHandlerMapping - Mapped "{[/role/add]}" onto public cc.mrbird.common.domain.ResponseBo cc.mrbird.web.controller.system.RoleController.addRole(cc.mrbird.system.domain.Role,java.lang.Long[])
18:01:25.465 sms [restartedMain] INFO  o.s.w.s.m.m.a.RequestMappingHandlerMapping - Mapped "{[/role/getRole]}" onto public cc.mrbird.common.domain.ResponseBo cc.mrbird.web.controller.system.RoleController.getRole(java.lang.Long)
18:01:25.465 sms [restartedMain] INFO  o.s.w.s.m.m.a.RequestMappingHandlerMapping - Mapped "{[/role/update]}" onto public cc.mrbird.common.domain.ResponseBo cc.mrbird.web.controller.system.RoleController.updateRole(cc.mrbird.system.domain.Role,java.lang.Long[])
18:01:25.466 sms [restartedMain] INFO  o.s.w.s.m.m.a.RequestMappingHandlerMapping - Mapped "{[/role/list]}" onto public java.util.Map<java.lang.String, java.lang.Object> cc.mrbird.web.controller.system.RoleController.roleList(cc.mrbird.common.domain.QueryRequest,cc.mrbird.system.domain.Role)
18:01:25.466 sms [restartedMain] INFO  o.s.w.s.m.m.a.RequestMappingHandlerMapping - Mapped "{[/role/checkRoleName]}" onto public boolean cc.mrbird.web.controller.system.RoleController.checkRoleName(java.lang.String,java.lang.String)
18:01:25.466 sms [restartedMain] INFO  o.s.w.s.m.m.a.RequestMappingHandlerMapping - Mapped "{[/role/csv]}" onto public cc.mrbird.common.domain.ResponseBo cc.mrbird.web.controller.system.RoleController.roleCsv(cc.mrbird.system.domain.Role)
18:01:25.466 sms [restartedMain] INFO  o.s.w.s.m.m.a.RequestMappingHandlerMapping - Mapped "{[/role/excel]}" onto public cc.mrbird.common.domain.ResponseBo cc.mrbird.web.controller.system.RoleController.roleExcel(cc.mrbird.system.domain.Role)
18:01:25.466 sms [restartedMain] INFO  o.s.w.s.m.m.a.RequestMappingHandlerMapping - Mapped "{[/role/delete]}" onto public cc.mrbird.common.domain.ResponseBo cc.mrbird.web.controller.system.RoleController.deleteRoles(java.lang.String)
18:01:25.467 sms [restartedMain] INFO  o.s.w.s.m.m.a.RequestMappingHandlerMapping - Mapped "{[/user]}" onto public java.lang.String cc.mrbird.web.controller.system.UserController.index(org.springframework.ui.Model)
18:01:25.468 sms [restartedMain] INFO  o.s.w.s.m.m.a.RequestMappingHandlerMapping - Mapped "{[/user/add]}" onto public cc.mrbird.common.domain.ResponseBo cc.mrbird.web.controller.system.UserController.addUser(cc.mrbird.system.domain.MyUser,java.lang.Long[])
18:01:25.468 sms [restartedMain] INFO  o.s.w.s.m.m.a.RequestMappingHandlerMapping - Mapped "{[/user/update]}" onto public cc.mrbird.common.domain.ResponseBo cc.mrbird.web.controller.system.UserController.updateUser(cc.mrbird.system.domain.MyUser,java.lang.Long[])
18:01:25.468 sms [restartedMain] INFO  o.s.w.s.m.m.a.RequestMappingHandlerMapping - Mapped "{[/user/getUserProfile]}" onto public cc.mrbird.common.domain.ResponseBo cc.mrbird.web.controller.system.UserController.getUserProfile(java.lang.Long)
18:01:25.468 sms [restartedMain] INFO  o.s.w.s.m.m.a.RequestMappingHandlerMapping - Mapped "{[/user/theme]}" onto public cc.mrbird.common.domain.ResponseBo cc.mrbird.web.controller.system.UserController.updateTheme(cc.mrbird.system.domain.MyUser)
18:01:25.468 sms [restartedMain] INFO  o.s.w.s.m.m.a.RequestMappingHandlerMapping - Mapped "{[/user/getUser]}" onto public cc.mrbird.common.domain.ResponseBo cc.mrbird.web.controller.system.UserController.getUser(java.lang.Long)
18:01:25.468 sms [restartedMain] INFO  o.s.w.s.m.m.a.RequestMappingHandlerMapping - Mapped "{[/user/changeAvatar]}" onto public cc.mrbird.common.domain.ResponseBo cc.mrbird.web.controller.system.UserController.changeAvatar(java.lang.String)
18:01:25.469 sms [restartedMain] INFO  o.s.w.s.m.m.a.RequestMappingHandlerMapping - Mapped "{[/user/checkPassword]}" onto public boolean cc.mrbird.web.controller.system.UserController.checkPassword(java.lang.String)
18:01:25.469 sms [restartedMain] INFO  o.s.w.s.m.m.a.RequestMappingHandlerMapping - Mapped "{[/user/profile]}" onto public java.lang.String cc.mrbird.web.controller.system.UserController.profileIndex(org.springframework.ui.Model)
18:01:25.469 sms [restartedMain] INFO  o.s.w.s.m.m.a.RequestMappingHandlerMapping - Mapped "{[/user/checkUserName]}" onto public boolean cc.mrbird.web.controller.system.UserController.checkUserName(java.lang.String,java.lang.String)
18:01:25.469 sms [restartedMain] INFO  o.s.w.s.m.m.a.RequestMappingHandlerMapping - Mapped "{[/user/updatePassword]}" onto public cc.mrbird.common.domain.ResponseBo cc.mrbird.web.controller.system.UserController.updatePassword(java.lang.String)
18:01:25.469 sms [restartedMain] INFO  o.s.w.s.m.m.a.RequestMappingHandlerMapping - Mapped "{[/user/list]}" onto public java.util.Map<java.lang.String, java.lang.Object> cc.mrbird.web.controller.system.UserController.userList(cc.mrbird.common.domain.QueryRequest,cc.mrbird.system.domain.MyUser)
18:01:25.469 sms [restartedMain] INFO  o.s.w.s.m.m.a.RequestMappingHandlerMapping - Mapped "{[/user/delete]}" onto public cc.mrbird.common.domain.ResponseBo cc.mrbird.web.controller.system.UserController.deleteUsers(java.lang.String)
18:01:25.469 sms [restartedMain] INFO  o.s.w.s.m.m.a.RequestMappingHandlerMapping - Mapped "{[/user/regist]}" onto public cc.mrbird.common.domain.ResponseBo cc.mrbird.web.controller.system.UserController.regist(cc.mrbird.system.domain.MyUser)
18:01:25.469 sms [restartedMain] INFO  o.s.w.s.m.m.a.RequestMappingHandlerMapping - Mapped "{[/user/csv]}" onto public cc.mrbird.common.domain.ResponseBo cc.mrbird.web.controller.system.UserController.userCsv(cc.mrbird.system.domain.MyUser)
18:01:25.469 sms [restartedMain] INFO  o.s.w.s.m.m.a.RequestMappingHandlerMapping - Mapped "{[/user/excel]}" onto public cc.mrbird.common.domain.ResponseBo cc.mrbird.web.controller.system.UserController.userExcel(cc.mrbird.system.domain.MyUser)
18:01:25.470 sms [restartedMain] INFO  o.s.w.s.m.m.a.RequestMappingHandlerMapping - Mapped "{[/user/updateUserProfile]}" onto public cc.mrbird.common.domain.ResponseBo cc.mrbird.web.controller.system.UserController.updateUserProfile(cc.mrbird.system.domain.MyUser)
18:01:25.470 sms [restartedMain] INFO  o.s.w.s.m.m.a.RequestMappingHandlerMapping - Mapped "{[/test],methods=[GET]}" onto public int cc.mrbird.web.controller.test.TestController.testLimiter()
18:01:25.475 sms [restartedMain] INFO  o.s.w.s.m.m.a.RequestMappingHandlerMapping - Mapped "{[/connect/{providerId}],methods=[POST]}" onto public org.springframework.web.servlet.view.RedirectView org.springframework.social.connect.web.ConnectController.connect(java.lang.String,org.springframework.web.context.request.NativeWebRequest)
18:01:25.475 sms [restartedMain] INFO  o.s.w.s.m.m.a.RequestMappingHandlerMapping - Mapped "{[/connect/{providerId}],methods=[DELETE]}" onto public org.springframework.web.servlet.view.RedirectView org.springframework.social.connect.web.ConnectController.removeConnections(java.lang.String,org.springframework.web.context.request.NativeWebRequest)
18:01:25.475 sms [restartedMain] INFO  o.s.w.s.m.m.a.RequestMappingHandlerMapping - Mapped "{[/connect/{providerId}],methods=[GET],params=[error]}" onto public org.springframework.web.servlet.view.RedirectView org.springframework.social.connect.web.ConnectController.oauth2ErrorCallback(java.lang.String,java.lang.String,java.lang.String,java.lang.String,org.springframework.web.context.request.NativeWebRequest)
18:01:25.475 sms [restartedMain] INFO  o.s.w.s.m.m.a.RequestMappingHandlerMapping - Mapped "{[/connect/{providerId}],methods=[GET],params=[code]}" onto public org.springframework.web.servlet.view.RedirectView org.springframework.social.connect.web.ConnectController.oauth2Callback(java.lang.String,org.springframework.web.context.request.NativeWebRequest)
18:01:25.475 sms [restartedMain] INFO  o.s.w.s.m.m.a.RequestMappingHandlerMapping - Mapped "{[/connect],methods=[GET]}" onto public java.lang.String org.springframework.social.connect.web.ConnectController.connectionStatus(org.springframework.web.context.request.NativeWebRequest,org.springframework.ui.Model)
18:01:25.475 sms [restartedMain] INFO  o.s.w.s.m.m.a.RequestMappingHandlerMapping - Mapped "{[/connect/{providerId}],methods=[GET]}" onto public java.lang.String org.springframework.social.connect.web.ConnectController.connectionStatus(java.lang.String,org.springframework.web.context.request.NativeWebRequest,org.springframework.ui.Model)
18:01:25.476 sms [restartedMain] INFO  o.s.w.s.m.m.a.RequestMappingHandlerMapping - Mapped "{[/connect/{providerId}/{providerUserId}],methods=[DELETE]}" onto public org.springframework.web.servlet.view.RedirectView org.springframework.social.connect.web.ConnectController.removeConnection(java.lang.String,java.lang.String,org.springframework.web.context.request.NativeWebRequest)
18:01:25.476 sms [restartedMain] INFO  o.s.w.s.m.m.a.RequestMappingHandlerMapping - Mapped "{[/connect/{providerId}],methods=[GET],params=[oauth_token]}" onto public org.springframework.web.servlet.view.RedirectView org.springframework.social.connect.web.ConnectController.oauth1Callback(java.lang.String,org.springframework.web.context.request.NativeWebRequest)
18:01:25.478 sms [restartedMain] INFO  o.s.w.s.m.m.a.RequestMappingHandlerMapping - Mapped "{[/error]}" onto public org.springframework.http.ResponseEntity<java.util.Map<java.lang.String, java.lang.Object>> org.springframework.boot.autoconfigure.web.servlet.error.BasicErrorController.error(javax.servlet.http.HttpServletRequest)
18:01:25.479 sms [restartedMain] INFO  o.s.w.s.m.m.a.RequestMappingHandlerMapping - Mapped "{[/error],produces=[text/html]}" onto public org.springframework.web.servlet.ModelAndView org.springframework.boot.autoconfigure.web.servlet.error.BasicErrorController.errorHtml(javax.servlet.http.HttpServletRequest,javax.servlet.http.HttpServletResponse)
18:01:25.527 sms [restartedMain] INFO  o.s.w.s.h.SimpleUrlHandlerMapping - Mapped URL path [/webjars/**] onto handler of type [class org.springframework.web.servlet.resource.ResourceHttpRequestHandler]
18:01:25.527 sms [restartedMain] INFO  o.s.w.s.h.SimpleUrlHandlerMapping - Mapped URL path [/**] onto handler of type [class org.springframework.web.servlet.resource.ResourceHttpRequestHandler]
18:01:25.549 sms [restartedMain] INFO  o.s.w.s.m.m.a.ExceptionHandlerExceptionResolver - Detected @ExceptionHandler methods in globalExceptionHandler
18:01:25.721 sms [restartedMain] INFO  o.s.b.a.w.s.WelcomePageHandlerMapping - Adding welcome page template: index
18:01:26.664 sms [restartedMain] INFO  o.s.s.web.DefaultSecurityFilterChain - Creating filter chain: org.springframework.security.web.util.matcher.AnyRequestMatcher@1, [org.springframework.security.web.context.request.async.WebAsyncManagerIntegrationFilter@26c51c62, org.springframework.security.web.context.SecurityContextPersistenceFilter@19ba347a, org.springframework.security.web.header.HeaderWriterFilter@721c1d90, org.springframework.security.web.authentication.logout.LogoutFilter@1e6f2c60, org.springframework.social.security.SocialAuthenticationFilter@53be7ef0, cc.mrbird.security.code.sms.SmsCodeFilter@4cf0bd4d, cc.mrbird.security.code.img.ImageCodeFilter@4a72de33, org.springframework.security.web.authentication.UsernamePasswordAuthenticationFilter@55de83a6, cc.mrbird.security.code.sms.SmsCodeAuthenticationFilter@335186bf, org.springframework.security.web.session.ConcurrentSessionFilter@7d7df4ea, org.springframework.security.web.savedrequest.RequestCacheAwareFilter@3e63dbe3, org.springframework.security.web.servletapi.SecurityContextHolderAwareRequestFilter@2b05d24a, org.springframework.security.web.authentication.rememberme.RememberMeAuthenticationFilter@61007637, org.springframework.security.web.authentication.AnonymousAuthenticationFilter@3df9aabb, org.springframework.security.web.session.SessionManagementFilter@7d4908c1, org.springframework.security.web.access.ExceptionTranslationFilter@77c0b627, org.springframework.security.web.access.intercept.FilterSecurityInterceptor@23ac797f]
18:01:26.978 sms [restartedMain] INFO  o.s.b.d.a.OptionalLiveReloadServer - LiveReload server is running on port 35729
18:01:27.460 sms [restartedMain] INFO  o.s.j.e.a.AnnotationMBeanExporter - Registering beans for JMX exposure on startup
18:01:27.462 sms [restartedMain] INFO  o.s.j.e.a.AnnotationMBeanExporter - Bean with name 'dataSource' has been autodetected for JMX exposure
18:01:27.468 sms [restartedMain] INFO  o.s.j.e.a.AnnotationMBeanExporter - Located MBean 'dataSource': registering with JMX server as MBean [com.zaxxer.hikari:name=dataSource,type=HikariDataSource]
18:01:27.473 sms [restartedMain] INFO  o.s.c.s.DefaultLifecycleProcessor - Starting beans in phase 2147483647
18:01:27.473 sms [restartedMain] INFO  o.s.s.quartz.SchedulerFactoryBean - Will start Quartz Scheduler [MyScheduler] in 1 seconds
18:01:27.486 sms [restartedMain] INFO  o.s.s.a.ScheduledAnnotationBeanPostProcessor - No TaskScheduler/ScheduledExecutorService bean found for scheduled processing
18:01:27.493 sms [restartedMain] INFO  o.a.coyote.http11.Http11NioProtocol - Starting ProtocolHandler ["http-nio-80"]
18:01:27.508 sms [restartedMain] INFO  o.a.tomcat.util.net.NioSelectorPool - Using a shared selector for servlet write/read
18:01:27.530 sms [restartedMain] INFO  o.s.b.w.e.tomcat.TomcatWebServer - Tomcat started on port(s): 80 (http) with context path ''
18:01:27.535 sms [restartedMain] INFO  cc.mrbird.FebsApplication - Started FebsApplication in 10.446 seconds (JVM running for 11.034)
18:01:27.542 sms [restartedMain] INFO  cc.mrbird.FebsApplication - 《《《《《《 FEBS started up successfully at 2019-10-05 18:01:27.542 》》》》》》
18:01:28.474 sms [Quartz Scheduler [MyScheduler]] INFO  o.s.s.quartz.SchedulerFactoryBean - Starting Quartz Scheduler now, after delay of 1 seconds
18:01:28.497 sms [Quartz Scheduler [MyScheduler]] INFO  o.s.s.quartz.LocalDataSourceJobStore - ClusterManager: detected 1 failed or restarted instances.
18:01:28.498 sms [Quartz Scheduler [MyScheduler]] INFO  o.s.s.quartz.LocalDataSourceJobStore - ClusterManager: Scanning for instance "LAPTOP-OI23LKGJ1569509170335"'s failed in-progress jobs.
18:01:28.504 sms [Quartz Scheduler [MyScheduler]] INFO  org.quartz.core.QuartzScheduler - Scheduler MyScheduler_$_LAPTOP-OI23LKGJ1570269683795 started.
18:03:59.633 sms [http-nio-80-exec-1] INFO  o.a.c.c.C.[Tomcat].[localhost].[/] - Initializing Spring FrameworkServlet 'dispatcherServlet'
18:03:59.634 sms [http-nio-80-exec-1] INFO  o.s.web.servlet.DispatcherServlet - FrameworkServlet 'dispatcherServlet': initialization started
18:03:59.667 sms [http-nio-80-exec-1] INFO  o.s.web.servlet.DispatcherServlet - FrameworkServlet 'dispatcherServlet': initialization completed in 33 ms
18:04:12.235 sms [http-nio-80-exec-1] INFO  c.m.c.i.SqlStatementInterceptor - 【SQL语句Id】>>>> cc.mrbird.system.dao.UserMapper.selectByExample
18:04:12.236 sms [http-nio-80-exec-1] INFO  c.m.c.i.SqlStatementInterceptor - 【SQL语句耗时】>>>> 19 ms
18:04:12.236 sms [http-nio-80-exec-1] INFO  c.m.c.i.SqlStatementInterceptor - 【SQL语句】>>>> SELECT USER_ID,USERNAME,PASSWORD,DEPT_ID,EMAIL,MOBILE,STATUS,CRATE_TIME,MODIFY_TIME,LAST_LOGIN_TIME,SSEX,THEME,AVATAR,DESCRIPTION FROM t_user WHERE ( lower(username)= 'wanggou' )
18:04:12.277 sms [http-nio-80-exec-1] INFO  c.m.c.i.SqlStatementInterceptor - 【SQL语句Id】>>>> cc.mrbird.system.dao.MenuMapper.findUserPermissions
18:04:12.277 sms [http-nio-80-exec-1] INFO  c.m.c.i.SqlStatementInterceptor - 【SQL语句耗时】>>>> 29 ms
18:04:12.277 sms [http-nio-80-exec-1] INFO  c.m.c.i.SqlStatementInterceptor - 【SQL语句】>>>> select m.perms from t_role r left join t_user_role ur on(r.role_id = ur.role_id) left join t_user u on(u.user_id = ur.user_id) left join t_role_menu rm on(rm.role_id = r.role_id) left join t_menu m on(m.menu_id = rm.menu_id ) where u.username = 'wanggou' and m.perms is not null and m.perms <> ''
18:04:19.941 sms [http-nio-80-exec-4] INFO  c.m.c.i.SqlStatementInterceptor - 【SQL语句Id】>>>> cc.mrbird.system.dao.UserMapper.selectByExample
18:04:19.941 sms [http-nio-80-exec-4] INFO  c.m.c.i.SqlStatementInterceptor - 【SQL语句耗时】>>>> 2 ms
18:04:19.941 sms [http-nio-80-exec-4] INFO  c.m.c.i.SqlStatementInterceptor - 【SQL语句】>>>> SELECT USER_ID,USERNAME,PASSWORD,DEPT_ID,EMAIL,MOBILE,STATUS,CRATE_TIME,MODIFY_TIME,LAST_LOGIN_TIME,SSEX,THEME,AVATAR,DESCRIPTION FROM t_user WHERE ( lower(username)= 'wanggou' )
18:04:19.945 sms [http-nio-80-exec-4] INFO  c.m.c.i.SqlStatementInterceptor - 【SQL语句Id】>>>> cc.mrbird.system.dao.MenuMapper.findUserPermissions
18:04:19.945 sms [http-nio-80-exec-4] INFO  c.m.c.i.SqlStatementInterceptor - 【SQL语句耗时】>>>> 3 ms
18:04:19.945 sms [http-nio-80-exec-4] INFO  c.m.c.i.SqlStatementInterceptor - 【SQL语句】>>>> select m.perms from t_role r left join t_user_role ur on(r.role_id = ur.role_id) left join t_user u on(u.user_id = ur.user_id) left join t_role_menu rm on(rm.role_id = r.role_id) left join t_menu m on(m.menu_id = rm.menu_id ) where u.username = 'wanggou' and m.perms is not null and m.perms <> ''
18:04:20.708 sms [http-nio-80-exec-5] INFO  c.m.c.i.SqlStatementInterceptor - 【SQL语句Id】>>>> cc.mrbird.system.dao.MenuMapper.findUserMenus
18:04:20.709 sms [http-nio-80-exec-5] INFO  c.m.c.i.SqlStatementInterceptor - 【SQL语句耗时】>>>> 15 ms
18:04:20.709 sms [http-nio-80-exec-5] INFO  c.m.c.i.SqlStatementInterceptor - 【SQL语句】>>>> select m.* from t_menu m where m.type <> 1 and m.MENU_ID in (select distinct rm.menu_id from t_role_menu rm left join t_role r on(rm.role_id = r.role_id) left join t_user_role ur on(ur.role_id = r.role_id) left join t_user u on (u.user_id = ur.user_id) where u.username = 'wanggou') order by m.create_time
18:05:38.568 sms [http-nio-80-exec-8] INFO  c.m.c.i.SqlStatementInterceptor - 【SQL语句Id】>>>> cc.mrbird.system.dao.LogMapper.insert
18:05:38.568 sms [http-nio-80-exec-8] INFO  c.m.c.i.SqlStatementInterceptor - 【SQL语句耗时】>>>> 16 ms
18:05:38.568 sms [http-nio-80-exec-8] INFO  c.m.c.i.SqlStatementInterceptor - 【SQL语句】>>>> INSERT INTO t_log ( ID,USERNAME,OPERATION,TIME,METHOD,PARAMS,IP,CREATE_TIME,LOCATION ) VALUES( 30,'wanggou','执行Redis set命令',3,'cc.mrbird.web.controller.base.RedisController.set()','arg: "mykey,\"padaxing\""','127.0.0.1','2019-10-5 18:05:38','内网IP|0|0|内网IP|内网IP' )
18:05:52.705 sms [http-nio-80-exec-5] INFO  c.m.c.i.SqlStatementInterceptor - 【SQL语句Id】>>>> cc.mrbird.system.dao.LogMapper.insert
18:05:52.705 sms [http-nio-80-exec-5] INFO  c.m.c.i.SqlStatementInterceptor - 【SQL语句耗时】>>>> 11 ms
18:05:52.705 sms [http-nio-80-exec-5] INFO  c.m.c.i.SqlStatementInterceptor - 【SQL语句】>>>> INSERT INTO t_log ( ID,USERNAME,OPERATION,TIME,METHOD,PARAMS,IP,CREATE_TIME,LOCATION ) VALUES( 31,'wanggou','执行Redis get命令',1,'cc.mrbird.web.controller.base.RedisController.get()','arg: "mykey"','127.0.0.1','2019-10-5 18:05:52','内网IP|0|0|内网IP|内网IP' )
18:06:09.276 sms [http-nio-80-exec-9] INFO  c.m.c.i.SqlStatementInterceptor - 【SQL语句Id】>>>> cc.mrbird.system.dao.LogMapper.insert
18:06:09.276 sms [http-nio-80-exec-9] INFO  c.m.c.i.SqlStatementInterceptor - 【SQL语句耗时】>>>> 2 ms
18:06:09.276 sms [http-nio-80-exec-9] INFO  c.m.c.i.SqlStatementInterceptor - 【SQL语句】>>>> INSERT INTO t_log ( ID,USERNAME,OPERATION,TIME,METHOD,PARAMS,IP,CREATE_TIME,LOCATION ) VALUES( 32,'wanggou','执行Redis set命令',1,'cc.mrbird.web.controller.base.RedisController.set()','arg: "mybaby,\"padazhu\""','127.0.0.1','2019-10-5 18:06:09','内网IP|0|0|内网IP|内网IP' )
18:06:14.848 sms [http-nio-80-exec-4] INFO  c.m.c.i.SqlStatementInterceptor - 【SQL语句Id】>>>> cc.mrbird.system.dao.LogMapper.insert
18:06:14.849 sms [http-nio-80-exec-4] INFO  c.m.c.i.SqlStatementInterceptor - 【SQL语句耗时】>>>> 3 ms
18:06:14.849 sms [http-nio-80-exec-4] INFO  c.m.c.i.SqlStatementInterceptor - 【SQL语句】>>>> INSERT INTO t_log ( ID,USERNAME,OPERATION,TIME,METHOD,PARAMS,IP,CREATE_TIME,LOCATION ) VALUES( 33,'wanggou','执行Redis get命令',1,'cc.mrbird.web.controller.base.RedisController.get()','arg: "mybaby"','127.0.0.1','2019-10-5 18:06:14','内网IP|0|0|内网IP|内网IP' )
18:10:47.254 sms [http-nio-80-exec-10] INFO  c.m.c.i.SqlStatementInterceptor - 【SQL语句Id】>>>> cc.mrbird.system.dao.LogMapper.insert
18:10:47.254 sms [http-nio-80-exec-10] INFO  c.m.c.i.SqlStatementInterceptor - 【SQL语句耗时】>>>> 11 ms
18:10:47.254 sms [http-nio-80-exec-10] INFO  c.m.c.i.SqlStatementInterceptor - 【SQL语句】>>>> INSERT INTO t_log ( ID,USERNAME,OPERATION,TIME,METHOD,PARAMS,IP,CREATE_TIME,LOCATION ) VALUES( 34,'wanggou','执行Redis set命令',0,'cc.mrbird.web.controller.base.RedisController.set()','arg: "padazhu,\"padazhu\",EX,10"','127.0.0.1','2019-10-5 18:10:47','内网IP|0|0|内网IP|内网IP' )
19:46:54.772 sms [http-nio-80-exec-2] INFO  c.m.w.c.system.LoginController - 引发跳转的请求是：http://127.0.0.1/index
19:47:03.517 sms [http-nio-80-exec-8] INFO  c.m.c.i.SqlStatementInterceptor - 【SQL语句Id】>>>> cc.mrbird.system.dao.UserMapper.selectByExample
19:47:03.517 sms [http-nio-80-exec-8] INFO  c.m.c.i.SqlStatementInterceptor - 【SQL语句耗时】>>>> 6 ms
19:47:03.517 sms [http-nio-80-exec-8] INFO  c.m.c.i.SqlStatementInterceptor - 【SQL语句】>>>> SELECT USER_ID,USERNAME,PASSWORD,DEPT_ID,EMAIL,MOBILE,STATUS,CRATE_TIME,MODIFY_TIME,LAST_LOGIN_TIME,SSEX,THEME,AVATAR,DESCRIPTION FROM t_user WHERE ( lower(username)= 'wanggou' )
19:47:03.524 sms [http-nio-80-exec-8] INFO  c.m.c.i.SqlStatementInterceptor - 【SQL语句Id】>>>> cc.mrbird.system.dao.MenuMapper.findUserPermissions
19:47:03.525 sms [http-nio-80-exec-8] INFO  c.m.c.i.SqlStatementInterceptor - 【SQL语句耗时】>>>> 6 ms
19:47:03.525 sms [http-nio-80-exec-8] INFO  c.m.c.i.SqlStatementInterceptor - 【SQL语句】>>>> select m.perms from t_role r left join t_user_role ur on(r.role_id = ur.role_id) left join t_user u on(u.user_id = ur.user_id) left join t_role_menu rm on(rm.role_id = r.role_id) left join t_menu m on(m.menu_id = rm.menu_id ) where u.username = 'wanggou' and m.perms is not null and m.perms <> ''
19:47:03.977 sms [http-nio-80-exec-8] INFO  c.m.c.i.SqlStatementInterceptor - 【SQL语句Id】>>>> cc.mrbird.system.dao.MenuMapper.findUserMenus
19:47:03.978 sms [http-nio-80-exec-8] INFO  c.m.c.i.SqlStatementInterceptor - 【SQL语句耗时】>>>> 8 ms
19:47:03.978 sms [http-nio-80-exec-8] INFO  c.m.c.i.SqlStatementInterceptor - 【SQL语句】>>>> select m.* from t_menu m where m.type <> 1 and m.MENU_ID in (select distinct rm.menu_id from t_role_menu rm left join t_role r on(rm.role_id = r.role_id) left join t_user_role ur on(ur.role_id = r.role_id) left join t_user u on (u.user_id = ur.user_id) where u.username = 'wanggou') order by m.create_time
19:50:17.478 sms [http-nio-80-exec-7] INFO  c.m.c.i.SqlStatementInterceptor - 【SQL语句Id】>>>> cc.mrbird.system.dao.LogMapper.insert
19:50:17.479 sms [http-nio-80-exec-7] INFO  c.m.c.i.SqlStatementInterceptor - 【SQL语句耗时】>>>> 12 ms
19:50:17.479 sms [http-nio-80-exec-7] INFO  c.m.c.i.SqlStatementInterceptor - 【SQL语句】>>>> INSERT INTO t_log ( ID,USERNAME,OPERATION,TIME,METHOD,PARAMS,IP,CREATE_TIME,LOCATION ) VALUES( 35,'wanggou','执行Redis set命令',0,'cc.mrbird.web.controller.base.RedisController.set()','arg: "key-with-expire-time,\"hello\",EX,10"','127.0.0.1','2019-10-5 19:50:17','内网IP|0|0|内网IP|内网IP' )
